<?xml version="1.0" encoding="UTF-8"?>
<testsuite name="BillingTest" tests="2" skipped="0" failures="0" errors="0" timestamp="2021-07-24T16:45:09" hostname="SAHIL" time="1.644">
  <properties/>
  <testcase name="getUserItemsOrder()" classname="BillingTest" time="0.881"/>
  <testcase name="getUserOrder()" classname="BillingTest" time="0.763"/>
  <system-out><![CDATA[]]></system-out>
  <system-err><![CDATA[]]></system-err>
</testsuite>
