<?xml version="1.0" encoding="UTF-8"?>
<testsuite name="OfferTest" tests="2" skipped="0" failures="0" errors="0" timestamp="2021-07-26T14:25:13" hostname="DESKTOP-IC8LASV" time="3.12">
  <properties/>
  <testcase name="isOfferValid()" classname="OfferTest" time="3.082"/>
  <testcase name="getAllOffer()" classname="OfferTest" time="0.038"/>
  <system-out><![CDATA[]]></system-out>
  <system-err><![CDATA[]]></system-err>
</testsuite>
