<?xml version="1.0" encoding="UTF-8"?>
<testsuite name="BloodBankTest" tests="11" skipped="0" failures="0" errors="0" timestamp="2021-07-09T15:01:59" hostname="DESKTOP-5JRRU0H" time="0.299">
  <properties/>
  <testcase name="Weight()" classname="BloodBankTest" time="0.126"/>
  <testcase name="lastname()" classname="BloodBankTest" time="0.003"/>
  <testcase name="blood_group()" classname="BloodBankTest" time="0.003"/>
  <testcase name="middlename()" classname="BloodBankTest" time="0.002"/>
  <testcase name="Haemoglobin()" classname="BloodBankTest" time="0.045"/>
  <testcase name="Age()" classname="BloodBankTest" time="0.026"/>
  <testcase name="pid()" classname="BloodBankTest" time="0.022"/>
  <testcase name="Date()" classname="BloodBankTest" time="0.003"/>
  <testcase name="firstname()" classname="BloodBankTest" time="0.022"/>
  <testcase name="contact()" classname="BloodBankTest" time="0.005"/>
  <testcase name="requiredBlood()" classname="BloodBankTest" time="0.01"/>
  <system-out><![CDATA[]]></system-out>
  <system-err><![CDATA[]]></system-err>
</testsuite>
