<?xml version="1.0" encoding="UTF-8"?>
<testsuite name="CovidPageTest" tests="5" skipped="0" failures="0" errors="0" timestamp="2021-07-24T16:45:10" hostname="SAHIL" time="0.793">
  <properties/>
  <testcase name="validateBedType_zero_true()" classname="CovidPageTest" time="0.003"/>
  <testcase name="checkBedAvailability()" classname="CovidPageTest" time="0.783"/>
  <testcase name="validateBedType_general_true()" classname="CovidPageTest" time="0.001"/>
  <testcase name="validateBedType_outOfBoundary_true()" classname="CovidPageTest" time="0.001"/>
  <testcase name="validateBedType_negative_true()" classname="CovidPageTest" time="0.001"/>
  <system-out><![CDATA[]]></system-out>
  <system-err><![CDATA[]]></system-err>
</testsuite>
