<?xml version="1.0" encoding="UTF-8"?>
<testsuite name="PharmacyPageTest" tests="6" skipped="0" failures="0" errors="0" timestamp="2021-06-27T10:00:44" hostname="DESKTOP-IC8LASV" time="10.963">
  <properties/>
  <testcase name="updateStock_false()" classname="PharmacyPageTest" time="2.026"/>
  <testcase name="updateStock_true()" classname="PharmacyPageTest" time="1.809"/>
  <testcase name="addItemInCart_false()" classname="PharmacyPageTest" time="1.911"/>
  <testcase name="isItemInList_false()" classname="PharmacyPageTest" time="1.72"/>
  <testcase name="isItemInList_true()" classname="PharmacyPageTest" time="1.761"/>
  <testcase name="addItemInCart_true()" classname="PharmacyPageTest" time="1.732"/>
  <system-out><![CDATA[]]></system-out>
  <system-err><![CDATA[Loading class `com.mysql.jdbc.Driver'. This is deprecated. The new driver class is `com.mysql.cj.jdbc.Driver'. The driver is automatically registered via the SPI and manual loading of the driver class is generally unnecessary.
]]></system-err>
</testsuite>
