<?xml version="1.0" encoding="UTF-8"?>
<testsuite name="RatingMenuTest" tests="1" skipped="0" failures="0" errors="0" timestamp="2021-07-18T15:31:15" hostname="DESKTOP-IC8LASV" time="0.023">
  <properties/>
  <testcase name="isRequired_false()" classname="RatingMenuTest" time="0.023"/>
  <system-out><![CDATA[]]></system-out>
  <system-err><![CDATA[]]></system-err>
</testsuite>
