<?xml version="1.0" encoding="UTF-8"?>
<testsuite name="userManagementTest" tests="1" skipped="0" failures="0" errors="0" timestamp="2021-07-20T20:46:20" hostname="DESKTOP-IC8LASV" time="0.269">
  <properties/>
  <testcase name="registerPatient()" classname="userManagementTest" time="0.269"/>
  <system-out><![CDATA[]]></system-out>
  <system-err><![CDATA[]]></system-err>
</testsuite>
