<?xml version="1.0" encoding="UTF-8"?>
<testsuite name="BillingPageTest" tests="3" skipped="0" failures="0" errors="0" timestamp="2021-07-23T17:41:16" hostname="DESKTOP-IC8LASV" time="0.333">
  <properties/>
  <testcase name="calculateDiscount_right()" classname="BillingPageTest" time="0.252"/>
  <testcase name="calculateDiscount_notfound()" classname="BillingPageTest" time="0.039"/>
  <testcase name="getAllOffer()" classname="BillingPageTest" time="0.04"/>
  <system-out><![CDATA[]]></system-out>
  <system-err><![CDATA[]]></system-err>
</testsuite>
