<?xml version="1.0" encoding="UTF-8"?>
<testsuite name="BloodBankTest" tests="12" skipped="0" failures="0" errors="0" timestamp="2021-07-27T22:02:39" hostname="DESKTOP-IC8LASV" time="0.141">
  <properties/>
  <testcase name="lastname()" classname="BloodBankTest" time="0.106"/>
  <testcase name="blood_group()" classname="BloodBankTest" time="0.002"/>
  <testcase name="middlename()" classname="BloodBankTest" time="0.002"/>
  <testcase name="weight()" classname="BloodBankTest" time="0.005"/>
  <testcase name="bloodRequesterList()" classname="BloodBankTest" time="0.01"/>
  <testcase name="age()" classname="BloodBankTest" time="0.002"/>
  <testcase name="date()" classname="BloodBankTest" time="0.001"/>
  <testcase name="firstname()" classname="BloodBankTest" time="0.001"/>
  <testcase name="bloodInventoryList()" classname="BloodBankTest" time="0.002"/>
  <testcase name="requiredBlood()" classname="BloodBankTest" time="0.001"/>
  <testcase name="bloodDonorList()" classname="BloodBankTest" time="0.001"/>
  <testcase name="haemoglobin()" classname="BloodBankTest" time="0.003"/>
  <system-out><![CDATA[]]></system-out>
  <system-err><![CDATA[]]></system-err>
</testsuite>
