<?xml version="1.0" encoding="UTF-8"?>
<testsuite name="BillingTest" tests="2" skipped="0" failures="0" errors="0" timestamp="2021-07-24T17:17:35" hostname="DESKTOP-IC8LASV" time="1.457">
  <properties/>
  <testcase name="getUserItemsOrder()" classname="BillingTest" time="0.724"/>
  <testcase name="getUserOrder()" classname="BillingTest" time="0.733"/>
  <system-out><![CDATA[]]></system-out>
  <system-err><![CDATA[]]></system-err>
</testsuite>
