<?xml version="1.0" encoding="UTF-8"?>
<testsuite name="OfferTest" tests="2" skipped="0" failures="0" errors="0" timestamp="2021-07-27T21:29:31" hostname="DESKTOP-IC8LASV" time="0.315">
  <properties/>
  <testcase name="isOfferValid()" classname="OfferTest" time="0.277"/>
  <testcase name="getAllOffer()" classname="OfferTest" time="0.037"/>
  <system-out><![CDATA[]]></system-out>
  <system-err><![CDATA[]]></system-err>
</testsuite>
