<?xml version="1.0" encoding="UTF-8"?>
<testsuite name="userManagementTest" tests="5" skipped="0" failures="0" errors="0" timestamp="2021-07-20T17:46:01" hostname="DESKTOP-IC8LASV" time="0.832">
  <properties/>
  <testcase name="registerPatient()" classname="userManagementTest" time="0.144"/>
  <testcase name="loadRecord_Test()" classname="userManagementTest" time="0.048"/>
  <testcase name="loginUserTest_True()" classname="userManagementTest" time="0.062"/>
  <testcase name="loginUserTest_False()" classname="userManagementTest" time="0.042"/>
  <testcase name="ExistingLogin_Test()" classname="userManagementTest" time="0.073"/>
  <system-out><![CDATA[]]></system-out>
  <system-err><![CDATA[]]></system-err>
</testsuite>
