<?xml version="1.0" encoding="UTF-8"?>
<testsuite name="BillingPageTest" tests="4" skipped="0" failures="0" errors="0" timestamp="2021-07-10T06:28:19" hostname="DESKTOP-IC8LASV" time="6.962">
  <properties/>
  <testcase name="calculateDiscount_right()" classname="BillingPageTest" time="1.728"/>
  <testcase name="addOrder()" classname="BillingPageTest" time="1.757"/>
  <testcase name="calculateDiscount_notfound()" classname="BillingPageTest" time="1.741"/>
  <testcase name="getAllOffer()" classname="BillingPageTest" time="1.734"/>
  <system-out><![CDATA[]]></system-out>
  <system-err><![CDATA[]]></system-err>
</testsuite>
