<?xml version="1.0" encoding="UTF-8"?>
<testsuite name="BillingPageTest" tests="4" skipped="0" failures="0" errors="0" timestamp="2021-07-21T00:07:23" hostname="DESKTOP-IC8LASV" time="0.364">
  <properties/>
  <testcase name="calculateDiscount_right()" classname="BillingPageTest" time="0.22"/>
  <testcase name="addOrder()" classname="BillingPageTest" time="0.065"/>
  <testcase name="calculateDiscount_notfound()" classname="BillingPageTest" time="0.038"/>
  <testcase name="getAllOffer()" classname="BillingPageTest" time="0.039"/>
  <system-out><![CDATA[]]></system-out>
  <system-err><![CDATA[]]></system-err>
</testsuite>
