<?xml version="1.0" encoding="UTF-8"?>
<testsuite name="BillingPageTest" tests="4" skipped="0" failures="0" errors="0" timestamp="2021-07-20T11:44:47" hostname="DESKTOP-IC8LASV" time="0.397">
  <properties/>
  <testcase name="calculateDiscount_right()" classname="BillingPageTest" time="0.21"/>
  <testcase name="addOrder()" classname="BillingPageTest" time="0.104"/>
  <testcase name="calculateDiscount_notfound()" classname="BillingPageTest" time="0.041"/>
  <testcase name="getAllOffer()" classname="BillingPageTest" time="0.041"/>
  <system-out><![CDATA[]]></system-out>
  <system-err><![CDATA[]]></system-err>
</testsuite>
