<?xml version="1.0" encoding="UTF-8"?>
<testsuite name="BillingPageTest" tests="4" skipped="0" failures="0" errors="0" timestamp="2021-07-21T05:52:54" hostname="DESKTOP-5JRRU0H" time="8.475">
  <properties/>
  <testcase name="calculateDiscount_right()" classname="BillingPageTest" time="2.814"/>
  <testcase name="addOrder()" classname="BillingPageTest" time="2.067"/>
  <testcase name="calculateDiscount_notfound()" classname="BillingPageTest" time="1.815"/>
  <testcase name="getAllOffer()" classname="BillingPageTest" time="1.772"/>
  <system-out><![CDATA[]]></system-out>
  <system-err><![CDATA[]]></system-err>
</testsuite>
