<?xml version="1.0" encoding="UTF-8"?>
<testsuite name="BillingPageTest" tests="3" skipped="0" failures="0" errors="0" timestamp="2021-07-24T18:18:27" hostname="DESKTOP-IC8LASV" time="2.184">
  <properties/>
  <testcase name="calculateDiscount_right()" classname="BillingPageTest" time="0.74"/>
  <testcase name="calculateDiscount_notfound()" classname="BillingPageTest" time="0.721"/>
  <testcase name="getAllOffer()" classname="BillingPageTest" time="0.723"/>
  <system-out><![CDATA[]]></system-out>
  <system-err><![CDATA[]]></system-err>
</testsuite>
