<?xml version="1.0" encoding="UTF-8"?>
<testsuite name="BillingTest" tests="2" skipped="0" failures="0" errors="0" timestamp="2021-07-21T05:53:02" hostname="DESKTOP-5JRRU0H" time="3.583">
  <properties/>
  <testcase name="getUserItemsOrder()" classname="BillingTest" time="1.804"/>
  <testcase name="getUserOrder()" classname="BillingTest" time="1.776"/>
  <system-out><![CDATA[]]></system-out>
  <system-err><![CDATA[]]></system-err>
</testsuite>
