<?xml version="1.0" encoding="UTF-8"?>
<testsuite name="BillingPageTest" tests="4" skipped="0" failures="0" errors="0" timestamp="2021-07-08T19:14:33" hostname="DESKTOP-IC8LASV" time="7.271">
  <properties/>
  <testcase name="calculateDiscount_right()" classname="BillingPageTest" time="1.893"/>
  <testcase name="addOrder()" classname="BillingPageTest" time="1.862"/>
  <testcase name="calculateDiscount_notfound()" classname="BillingPageTest" time="1.735"/>
  <testcase name="getAllOffer()" classname="BillingPageTest" time="1.78"/>
  <system-out><![CDATA[]]></system-out>
  <system-err><![CDATA[Loading class `com.mysql.jdbc.Driver'. This is deprecated. The new driver class is `com.mysql.cj.jdbc.Driver'. The driver is automatically registered via the SPI and manual loading of the driver class is generally unnecessary.
]]></system-err>
</testsuite>
