<?xml version="1.0" encoding="UTF-8"?>
<testsuite name="CovidPageTest" tests="9" skipped="0" failures="0" errors="0" timestamp="2021-07-27T22:02:39" hostname="DESKTOP-IC8LASV" time="0.021">
  <properties/>
  <testcase name="registerBed()" classname="CovidPageTest" time="0.009"/>
  <testcase name="validateBedType_zero_true()" classname="CovidPageTest" time="0.001"/>
  <testcase name="getTotalBeds()" classname="CovidPageTest" time="0.001"/>
  <testcase name="showPlasmaAvailability()" classname="CovidPageTest" time="0.003"/>
  <testcase name="getDesiredBed()" classname="CovidPageTest" time="0.001"/>
  <testcase name="validateBedType_general_true()" classname="CovidPageTest" time="0.001"/>
  <testcase name="validateBedType_outOfBoundary_true()" classname="CovidPageTest" time="0.0"/>
  <testcase name="changeAvailability()" classname="CovidPageTest" time="0.001"/>
  <testcase name="validateBedType_negative_true()" classname="CovidPageTest" time="0.0"/>
  <system-out><![CDATA[]]></system-out>
  <system-err><![CDATA[]]></system-err>
</testsuite>
