<?xml version="1.0" encoding="UTF-8"?>
<testsuite name="BillingPageTest" tests="2" skipped="0" failures="0" errors="0" timestamp="2021-07-27T21:29:31" hostname="DESKTOP-IC8LASV" time="0.107">
  <properties/>
  <testcase name="calculateDiscount_right()" classname="BillingPageTest" time="0.104"/>
  <testcase name="getAllOffer()" classname="BillingPageTest" time="0.002"/>
  <system-out><![CDATA[]]></system-out>
  <system-err><![CDATA[]]></system-err>
</testsuite>
