<?xml version="1.0" encoding="UTF-8"?>
<testsuite name="AccountsMenuTest" tests="2" skipped="0" failures="0" errors="0" timestamp="2021-07-24T23:21:41" hostname="DESKTOP-IC8LASV" time="0.006">
  <properties/>
  <testcase name="validateDateTest_True()" classname="AccountsMenuTest" time="0.004"/>
  <testcase name="validateDateTest_False()" classname="AccountsMenuTest" time="0.001"/>
  <system-out><![CDATA[]]></system-out>
  <system-err><![CDATA[]]></system-err>
</testsuite>
