<?xml version="1.0" encoding="UTF-8"?>
<testsuite name="BillingTest" tests="2" skipped="0" failures="0" errors="0" timestamp="2021-07-22T02:44:50" hostname="SAHIL" time="0.113">
  <properties/>
  <testcase name="getUserItemsOrder()" classname="BillingTest" time="0.063"/>
  <testcase name="getUserOrder()" classname="BillingTest" time="0.049"/>
  <system-out><![CDATA[]]></system-out>
  <system-err><![CDATA[]]></system-err>
</testsuite>
