<?xml version="1.0" encoding="UTF-8"?>
<testsuite name="StarterTest" tests="1" skipped="0" failures="0" errors="0" timestamp="2021-07-08T19:15:07" hostname="DESKTOP-IC8LASV" time="0.0">
  <properties/>
  <testcase name="hello()" classname="StarterTest" time="0.0"/>
  <system-out><![CDATA[]]></system-out>
  <system-err><![CDATA[]]></system-err>
</testsuite>
