<?xml version="1.0" encoding="UTF-8"?>
<testsuite name="BloodBankTest" tests="6" skipped="0" failures="0" errors="0" timestamp="2021-07-07T18:03:42" hostname="DESKTOP-5JRRU0H" time="0.055">
  <properties/>
  <testcase name="lastname()" classname="BloodBankTest" time="0.035"/>
  <testcase name="blood_group()" classname="BloodBankTest" time="0.003"/>
  <testcase name="middlename()" classname="BloodBankTest" time="0.002"/>
  <testcase name="pid()" classname="BloodBankTest" time="0.002"/>
  <testcase name="firstname()" classname="BloodBankTest" time="0.002"/>
  <testcase name="contact()" classname="BloodBankTest" time="0.001"/>
  <system-out><![CDATA[]]></system-out>
  <system-err><![CDATA[]]></system-err>
</testsuite>
