<?xml version="1.0" encoding="UTF-8"?>
<testsuite name="BillingTest" tests="2" skipped="0" failures="0" errors="0" timestamp="2021-07-24T08:24:12" hostname="LAPTOP-ORKNTPIH" time="2.941">
  <properties/>
  <testcase name="getUserItemsOrder()" classname="BillingTest" time="1.088"/>
  <testcase name="getUserOrder()" classname="BillingTest" time="1.852"/>
  <system-out><![CDATA[]]></system-out>
  <system-err><![CDATA[]]></system-err>
</testsuite>
