<?xml version="1.0" encoding="UTF-8"?>
<testsuite name="HelpDeskPageTest" tests="5" skipped="0" failures="0" errors="0" timestamp="2021-07-24T16:45:11" hostname="SAHIL" time="0.015">
  <properties/>
  <testcase name="checkValidateDescription_empty_false()" classname="HelpDeskPageTest" time="0.003"/>
  <testcase name="checkValidateDescription_longDescription_false()" classname="HelpDeskPageTest" time="0.001"/>
  <testcase name="validateAge_false_zero()" classname="HelpDeskPageTest" time="0.007"/>
  <testcase name="checkValidateDescription_true()" classname="HelpDeskPageTest" time="0.001"/>
  <testcase name="checkValidateDescription_null_false()" classname="HelpDeskPageTest" time="0.0"/>
  <system-out><![CDATA[]]></system-out>
  <system-err><![CDATA[]]></system-err>
</testsuite>
