<?xml version="1.0" encoding="UTF-8"?>
<testsuite name="BillingPageTest" tests="3" skipped="0" failures="0" errors="0" timestamp="2021-07-24T16:45:06" hostname="SAHIL" time="2.321">
  <properties/>
  <testcase name="calculateDiscount_right()" classname="BillingPageTest" time="0.804"/>
  <testcase name="calculateDiscount_notfound()" classname="BillingPageTest" time="0.75"/>
  <testcase name="getAllOffer()" classname="BillingPageTest" time="0.765"/>
  <system-out><![CDATA[]]></system-out>
  <system-err><![CDATA[]]></system-err>
</testsuite>
