<?xml version="1.0" encoding="UTF-8"?>
<testsuite name="BillingTest" tests="2" skipped="0" failures="0" errors="0" timestamp="2021-07-26T14:25:12" hostname="DESKTOP-IC8LASV" time="0.142">
  <properties/>
  <testcase name="getUserItemsOrder()" classname="BillingTest" time="0.09"/>
  <testcase name="getUserOrder()" classname="BillingTest" time="0.051"/>
  <system-out><![CDATA[]]></system-out>
  <system-err><![CDATA[]]></system-err>
</testsuite>
