<?xml version="1.0" encoding="UTF-8"?>
<testsuite name="AppointmentsTest" tests="5" skipped="0" failures="0" errors="0" timestamp="2021-07-27T22:02:39" hostname="DESKTOP-IC8LASV" time="0.026">
  <properties/>
  <testcase name="validateDateWIthDateAfterCurrentDate()" classname="AppointmentsTest" time="0.015"/>
  <testcase name="validateDateWIthDateAfter3Months()" classname="AppointmentsTest" time="0.001"/>
  <testcase name="validateDateWIthDateBeforeCurrentDate()" classname="AppointmentsTest" time="0.0"/>
  <testcase name="validateTime()" classname="AppointmentsTest" time="0.005"/>
  <testcase name="validateDateWIthInvalidDate()" classname="AppointmentsTest" time="0.001"/>
  <system-out><![CDATA[]]></system-out>
  <system-err><![CDATA[]]></system-err>
</testsuite>
