<?xml version="1.0" encoding="UTF-8"?>
<testsuite name="NearbyCampsTest" tests="2" skipped="0" failures="0" errors="0" timestamp="2021-07-27T22:02:39" hostname="DESKTOP-IC8LASV" time="0.011">
  <properties/>
  <testcase name="listOfCamps()" classname="NearbyCampsTest" time="0.008"/>
  <testcase name="searchCamps()" classname="NearbyCampsTest" time="0.002"/>
  <system-out><![CDATA[]]></system-out>
  <system-err><![CDATA[]]></system-err>
</testsuite>
