<?xml version="1.0" encoding="UTF-8"?>
<testsuite name="BillingTest" tests="2" skipped="0" failures="0" errors="0" timestamp="2021-07-08T09:24:08" hostname="DESKTOP-IC8LASV" time="3.506">
  <properties/>
  <testcase name="getUserItemsOrder()" classname="BillingTest" time="1.835"/>
  <testcase name="getUserOrder()" classname="BillingTest" time="1.67"/>
  <system-out><![CDATA[]]></system-out>
  <system-err><![CDATA[Loading class `com.mysql.jdbc.Driver'. This is deprecated. The new driver class is `com.mysql.cj.jdbc.Driver'. The driver is automatically registered via the SPI and manual loading of the driver class is generally unnecessary.
]]></system-err>
</testsuite>
