<?xml version="1.0" encoding="UTF-8"?>
<testsuite name="BillingPageTest" tests="3" skipped="0" failures="0" errors="0" timestamp="2021-07-22T16:04:58" hostname="DESKTOP-IC8LASV" time="0.269">
  <properties/>
  <testcase name="calculateDiscount_right()" classname="BillingPageTest" time="0.189"/>
  <testcase name="calculateDiscount_notfound()" classname="BillingPageTest" time="0.036"/>
  <testcase name="getAllOffer()" classname="BillingPageTest" time="0.042"/>
  <system-out><![CDATA[]]></system-out>
  <system-err><![CDATA[]]></system-err>
</testsuite>
