<?xml version="1.0" encoding="UTF-8"?>
<testsuite name="BillingTest" tests="2" skipped="0" failures="0" errors="0" timestamp="2021-07-21T00:07:23" hostname="DESKTOP-IC8LASV" time="0.086">
  <properties/>
  <testcase name="getUserItemsOrder()" classname="BillingTest" time="0.045"/>
  <testcase name="getUserOrder()" classname="BillingTest" time="0.041"/>
  <system-out><![CDATA[]]></system-out>
  <system-err><![CDATA[]]></system-err>
</testsuite>
