<?xml version="1.0" encoding="UTF-8"?>
<testsuite name="MedicalHistoryTest" tests="2" skipped="0" failures="0" errors="0" timestamp="2021-07-24T08:27:54" hostname="LAPTOP-ORKNTPIH" time="0.02">
  <properties/>
  <testcase name="upload_medical_history()" classname="MedicalHistoryTest" time="0.017"/>
  <testcase name="download_medical_history()" classname="MedicalHistoryTest" time="0.003"/>
  <system-out><![CDATA[Medical1.txt
]]></system-out>
  <system-err><![CDATA[]]></system-err>
</testsuite>
