<?xml version="1.0" encoding="UTF-8"?>
<testsuite name="userManagementTest" tests="7" skipped="0" failures="0" errors="0" timestamp="2021-07-10T13:36:21" hostname="DESKTOP-IC8LASV" time="58.54">
  <properties/>
  <testcase name="registerPatient()" classname="userManagementTest" time="2.844"/>
  <testcase name="registerNewLogin_Test()" classname="userManagementTest" time="1.793"/>
  <testcase name="loadRecord_Test()" classname="userManagementTest" time="0.22"/>
  <testcase name="loginUserTest_True()" classname="userManagementTest" time="0.217"/>
  <testcase name="loginUserTest_False()" classname="userManagementTest" time="0.217"/>
  <testcase name="ExistingLogin_Test()" classname="userManagementTest" time="16.625"/>
  <testcase name="registerStaff_Test()" classname="userManagementTest" time="0.48"/>
  <system-out><![CDATA[]]></system-out>
  <system-err><![CDATA[]]></system-err>
</testsuite>
