<?xml version="1.0" encoding="UTF-8"?>
<testsuite name="AppointmentsTest" tests="4" skipped="0" failures="0" errors="0" timestamp="2021-07-11T20:13:43" hostname="LAPTOP-ORKNTPIH" time="0.055">
  <properties/>
  <testcase name="validateDateWIthDateAfterCurrentDate()" classname="AppointmentsTest" time="0.035"/>
  <testcase name="validateDateWIthDateBeforeCurrentDate()" classname="AppointmentsTest" time="0.005"/>
  <testcase name="validateTime()" classname="AppointmentsTest" time="0.01"/>
  <testcase name="validateDateWIthInvalidDate()" classname="AppointmentsTest" time="0.003"/>
  <system-out><![CDATA[Please select a valid date!
Please enter a valid time in the given format!
Please enter a valid time in the given format!
Please enter a valid time in the given format!
Please enter a valid time in the given format!
Please imput a valid time!
Please select a valid date!
]]></system-out>
  <system-err><![CDATA[]]></system-err>
</testsuite>
