<?xml version="1.0" encoding="UTF-8"?>
<testsuite name="VaccinePageTest" tests="22" skipped="0" failures="0" errors="0" timestamp="2021-07-24T17:17:42" hostname="DESKTOP-IC8LASV" time="7.673">
  <properties/>
  <testcase name="checkFistDoseCompleted()" classname="VaccinePageTest" time="0.769"/>
  <testcase name="checkSlotAvailability_true()" classname="VaccinePageTest" time="1.564"/>
  <testcase name="validateMailId_false()" classname="VaccinePageTest" time="0.0"/>
  <testcase name="validateMailTEMP()" classname="VaccinePageTest" time="0.001"/>
  <testcase name="checkSlotAvailability_false()" classname="VaccinePageTest" time="1.566"/>
  <testcase name="checkVaccineAvailability_true()" classname="VaccinePageTest" time="1.487"/>
  <testcase name="checkVaccineAvailability()" classname="VaccinePageTest" time="0.741"/>
  <testcase name="validateGovernmentId_true()" classname="VaccinePageTest" time="0.0"/>
  <testcase name="validateAge_false_positive()" classname="VaccinePageTest" time="0.0"/>
  <testcase name="validateAge_false_negative()" classname="VaccinePageTest" time="0.0"/>
  <testcase name="validateDateTest_true()" classname="VaccinePageTest" time="0.0"/>
  <testcase name="validateAge_true()" classname="VaccinePageTest" time="0.0"/>
  <testcase name="checkVaccineAvailability_false()" classname="VaccinePageTest" time="0.743"/>
  <testcase name="validateGovernmentId_false()" classname="VaccinePageTest" time="0.001"/>
  <testcase name="validateGender_true()" classname="VaccinePageTest" time="0.0"/>
  <testcase name="validateAge_false_zero()" classname="VaccinePageTest" time="0.001"/>
  <testcase name="validateGender_false()" classname="VaccinePageTest" time="0.0"/>
  <testcase name="validateVaccineId_false()" classname="VaccinePageTest" time="0.001"/>
  <testcase name="validateVaccineId_true()" classname="VaccinePageTest" time="0.001"/>
  <testcase name="checkUnregisteredUser()" classname="VaccinePageTest" time="0.796"/>
  <testcase name="validateMailId_true()" classname="VaccinePageTest" time="0.0"/>
  <testcase name="validateDateTest_false()" classname="VaccinePageTest" time="0.0"/>
  <system-out><![CDATA[]]></system-out>
  <system-err><![CDATA[]]></system-err>
</testsuite>
