<?xml version="1.0" encoding="UTF-8"?>
<testsuite name="ManageProfileTest" tests="2" skipped="0" failures="0" errors="0" timestamp="2021-07-20T17:37:44" hostname="DESKTOP-IC8LASV" time="0.176">
  <properties/>
  <testcase name="updateProfileTest()" classname="ManageProfileTest" time="0.017"/>
  <testcase name="updatePasswordSame_Test()" classname="ManageProfileTest" time="0.008"/>
  <system-out><![CDATA[]]></system-out>
  <system-err><![CDATA[]]></system-err>
</testsuite>
