<?xml version="1.0" encoding="UTF-8"?>
<testsuite name="BillingPageTest" tests="4" skipped="0" failures="0" errors="0" timestamp="2021-07-20T13:24:50" hostname="DESKTOP-IC8LASV" time="0.674">
  <properties/>
  <testcase name="calculateDiscount_right()" classname="BillingPageTest" time="0.308"/>
  <testcase name="addOrder()" classname="BillingPageTest" time="0.255"/>
  <testcase name="calculateDiscount_notfound()" classname="BillingPageTest" time="0.06"/>
  <testcase name="getAllOffer()" classname="BillingPageTest" time="0.048"/>
  <system-out><![CDATA[]]></system-out>
  <system-err><![CDATA[]]></system-err>
</testsuite>
