<?xml version="1.0" encoding="UTF-8"?>
<testsuite name="userManagementTest" tests="5" skipped="0" failures="0" errors="0" timestamp="2021-07-20T17:37:45" hostname="DESKTOP-IC8LASV" time="1.148">
  <properties/>
  <testcase name="registerPatient()" classname="userManagementTest" time="0.4"/>
  <testcase name="loadRecord_Test()" classname="userManagementTest" time="0.039"/>
  <testcase name="loginUserTest_True()" classname="userManagementTest" time="0.049"/>
  <testcase name="loginUserTest_False()" classname="userManagementTest" time="0.043"/>
  <testcase name="ExistingLogin_Test()" classname="userManagementTest" time="0.071"/>
  <system-out><![CDATA[]]></system-out>
  <system-err><![CDATA[]]></system-err>
</testsuite>
