<?xml version="1.0" encoding="UTF-8"?>
<testsuite name="AppointmentsTest" tests="1" skipped="0" failures="0" errors="0" timestamp="2021-06-30T19:57:01" hostname="LAPTOP-ORKNTPIH" time="0.019">
  <properties/>
  <testcase name="reschedule_appointment()" classname="AppointmentsTest" time="0.019"/>
  <system-out><![CDATA[Reschedule
]]></system-out>
  <system-err><![CDATA[]]></system-err>
</testsuite>
