<?xml version="1.0" encoding="UTF-8"?>
<testsuite name="StarterTest" tests="1" skipped="0" failures="0" errors="0" timestamp="2021-07-09T13:26:10" hostname="DESKTOP-IC8LASV" time="0.001">
  <properties/>
  <testcase name="hello()" classname="StarterTest" time="0.001"/>
  <system-out><![CDATA[]]></system-out>
  <system-err><![CDATA[]]></system-err>
</testsuite>
