<?xml version="1.0" encoding="UTF-8"?>
<testsuite name="BillingPageTest" tests="4" skipped="0" failures="0" errors="0" timestamp="2021-07-09T13:25:52" hostname="DESKTOP-IC8LASV" time="6.855">
  <properties/>
  <testcase name="calculateDiscount_right()" classname="BillingPageTest" time="1.868"/>
  <testcase name="addOrder()" classname="BillingPageTest" time="1.757"/>
  <testcase name="calculateDiscount_notfound()" classname="BillingPageTest" time="1.598"/>
  <testcase name="getAllOffer()" classname="BillingPageTest" time="1.632"/>
  <system-out><![CDATA[]]></system-out>
  <system-err><![CDATA[Loading class `com.mysql.jdbc.Driver'. This is deprecated. The new driver class is `com.mysql.cj.jdbc.Driver'. The driver is automatically registered via the SPI and manual loading of the driver class is generally unnecessary.
]]></system-err>
</testsuite>
