<?xml version="1.0" encoding="UTF-8"?>
<testsuite name="RatingMenuTest" tests="2" skipped="0" failures="0" errors="0" timestamp="2021-07-18T13:45:47" hostname="DESKTOP-IC8LASV" time="0.006">
  <properties/>
  <testcase name="isNumber_true()" classname="RatingMenuTest" time="0.003"/>
  <testcase name="isNumber_false()" classname="RatingMenuTest" time="0.002"/>
  <system-out><![CDATA[]]></system-out>
  <system-err><![CDATA[]]></system-err>
</testsuite>
